
> routopia@0.1.0 build-storybook
> storybook build --output-dir=C:\Users\lewis\AppData\Local\Temp\chromatic--38024-p2kca7vtdF94

[1m@storybook/core v8.4.7
[22m
info => Cleaning outputDir: [36m..\AppData\Local\Temp\chromatic--38024-p2kca7vtdF94[39m
info => Loading presets
info => Building manager..
info => Manager built ([38;2;181;126;229m232 ms[39m)
info => Building preview..
info Addon-docs: using MDX3
info => Using implicit CSS loaders
info => Using SWC as compiler
info => [[38;2;241;97;140m@storybook/addon-styling-webpack[39m] Applying custom Storybook webpack configuration styling.
info => Using default Webpack5 setup
WARN No story files found for the specified pattern: [34msrc\**\*.mdx[39m
info Using tsconfig paths for react-docgen
info => Copying static files: [36mpublic[39m at [36m..\AppData\Local\Temp\chromatic--38024-p2kca7vtdF94[39m
WARN asset size limit: The following asset(s) exceed the recommended size limit (244 KiB).
WARN This can impact web performance.
WARN Assets: 
WARN   735.2ad4c5b3.iframe.bundle.js (356 KiB)
WARN   609.195723fc.iframe.bundle.js (827 KiB)
WARN   58.3bc8ccb9.iframe.bundle.js (1.81 MiB)
WARN   878.0ab7e58b.iframe.bundle.js (969 KiB)
WARN   247.595c744e.iframe.bundle.js (1.01 MiB)
WARN entrypoint size limit: The following entrypoint(s) combined asset size exceeds the recommended limit (244 KiB). This can impact web performance.
WARN Entrypoints:
WARN   main (1.91 MiB)
WARN       runtime~main.fa313d12.iframe.bundle.js
WARN       58.3bc8ccb9.iframe.bundle.js
WARN       main.09e2d9de.iframe.bundle.js
WARN 
info => Preview built ([38;2;181;126;229m20 s[39m)
info => Output directory: C:\Users\lewis\AppData\Local\Temp\chromatic--38024-p2kca7vtdF94
